<?xml version="1.0" encoding="UTF-8"?>
<!-- Generated by org.testng.reporters.JUnitReportReporter -->
<testsuite hostname="DESKTOP-R86FHD4" failures="0" tests="3" name="com.test.SelectDropdown" time="4.824" errors="0" timestamp="2025-09-03T22:39:29 IST" skipped="0">
  <testcase classname="com.test.SelectDropdown" name="Test3" time="0.482"/>
  <testcase classname="com.test.SelectDropdown" name="Test1" time="0.694"/>
  <testcase classname="com.test.SelectDropdown" name="Test2" time="3.648"/>
</testsuite> <!-- com.test.SelectDropdown -->
