<?xml version="1.0" encoding="UTF-8"?>
<!-- Generated by org.testng.reporters.JUnitReportReporter -->
<testsuite hostname="DESKTOP-R86FHD4" failures="0" tests="3" name="com.test.SelectDropdown" time="3.598" errors="0" timestamp="2025-09-02T12:40:09 IST" skipped="0">
  <testcase classname="com.test.SelectDropdown" name="Test3" time="0.479"/>
  <testcase classname="com.test.SelectDropdown" name="Test1" time="0.394"/>
  <testcase classname="com.test.SelectDropdown" name="Test2" time="2.725"/>
</testsuite> <!-- com.test.SelectDropdown -->
