<?xml version="1.0" encoding="UTF-8"?>
<!-- Generated by org.testng.reporters.JUnitReportReporter -->
<testsuite hostname="DESKTOP-R86FHD4" failures="0" tests="1" name="com.test.DragAndDrop" time="0.660" errors="0" timestamp="2025-09-01T22:31:17 IST" skipped="0">
  <testcase classname="com.test.DragAndDrop" name="dragAnddrop" time="0.660"/>
</testsuite> <!-- com.test.DragAndDrop -->
