<?xml version="1.0" encoding="UTF-8"?>
<!-- Generated by org.testng.reporters.JUnitReportReporter -->
<testsuite hostname="DESKTOP-R86FHD4" failures="0" tests="3" name="com.test.SelectDropdown" time="3.071" errors="0" timestamp="2025-09-01T22:31:17 IST" skipped="0">
  <testcase classname="com.test.SelectDropdown" name="Test3" time="0.489"/>
  <testcase classname="com.test.SelectDropdown" name="Test1" time="0.434"/>
  <testcase classname="com.test.SelectDropdown" name="Test2" time="2.148"/>
</testsuite> <!-- com.test.SelectDropdown -->
